<?xml version="1.0" encoding="UTF-8"?>
<!-- Generated by org.testng.reporters.JUnitReportReporter -->
<testsuite hostname="LAPTOP-E5MAE365" name="Selenium.DemoTng" tests="1" failures="0" timestamp="21 Apr 2022 09:34:47 GMT" time="10.258" errors="0">
  <testcase name="Perform" time="10.258" classname="Selenium.DemoTng"/>
</testsuite> <!-- Selenium.DemoTng -->
